<?xml version="1.0" encoding="UTF-8"?>
<!-- Generated by org.testng.reporters.JUnitXMLReporter -->
<testsuite ignored="0" hostname="LAPTOP-1GJ2FEE2" failures="0" tests="9" name="Surefire test" time="15.118" errors="0" timestamp="2026-03-10T15:03:43 ICT">
  <testcase classname="dtm.KiemThuDangNhapTest" name="kiemThuBoTrongPassword" time="0.244"/>
  <testcase classname="dtm.KiemThuDangNhapTest" name="kiemThuBoTrongUsername" time="0.208"/>
  <testcase classname="dtm.KiemThuDangNhapTest" name="kiemThuDangNhapSaiMatKhau" time="0.279"/>
  <testcase classname="dtm.KiemThuDangNhapTest" name="kiemThuDangNhapThanhCong" time="0.237"/>
  <testcase classname="dtm.KiemThuDangNhapTest" name="kiemThuTaiKhoanBiKhoa" time="0.236"/>
  <testcase classname="dtm.KiemThuTieuDeTest" name="testHienThiFormDangNhap" time="0.063"/>
  <testcase classname="dtm.KiemThuTieuDeTest" name="testNguonTrang" time="0.009"/>
  <testcase classname="dtm.KiemThuTieuDeTest" name="testTieuDe" time="0.006"/>
  <testcase classname="dtm.KiemThuTieuDeTest" name="testURL" time="0.007"/>
</testsuite> <!-- Surefire test -->
