<?xml version="1.0" encoding="UTF-8"?>
<!-- Generated by org.testng.reporters.JUnitReportReporter -->
<testsuite hostname="LAPTOP-1GJ2FEE2" failures="0" tests="5" name="dtm.KiemThuDangNhapTest" time="9.317" errors="0" timestamp="2026-03-10T15:03:43 ICT" skipped="0">
  <testcase classname="dtm.KiemThuDangNhapTest" name="kiemThuTaiKhoanBiKhoa" time="1.627"/>
  <testcase classname="dtm.KiemThuDangNhapTest" name="kiemThuBoTrongPassword" time="2.722"/>
  <testcase classname="dtm.KiemThuDangNhapTest" name="kiemThuDangNhapSaiMatKhau" time="1.705"/>
  <testcase classname="dtm.KiemThuDangNhapTest" name="kiemThuDangNhapThanhCong" time="1.697"/>
  <testcase classname="dtm.KiemThuDangNhapTest" name="kiemThuBoTrongUsername" time="1.566"/>
</testsuite> <!-- dtm.KiemThuDangNhapTest -->
