<?xml version="1.0" encoding="UTF-8"?>
<!-- Generated by org.testng.reporters.JUnitReportReporter -->
<testsuite hostname="LAPTOP-1GJ2FEE2" failures="0" tests="4" name="dtm.KiemThuTieuDeTest" time="5.759" errors="0" timestamp="2026-03-10T15:03:43 ICT" skipped="0">
  <testcase classname="dtm.KiemThuTieuDeTest" name="testHienThiFormDangNhap" time="1.518"/>
  <testcase classname="dtm.KiemThuTieuDeTest" name="testNguonTrang" time="1.372"/>
  <testcase classname="dtm.KiemThuTieuDeTest" name="testTieuDe" time="1.464"/>
  <testcase classname="dtm.KiemThuTieuDeTest" name="testURL" time="1.405"/>
</testsuite> <!-- dtm.KiemThuTieuDeTest -->
